# JRE version: OpenJDK Runtime Environment (11.0.10+9) (build 11.0.10+9-Ubuntu-0ubuntu1.20.04)
# Java VM: OpenJDK 64-Bit Server VM (11.0.10+9-Ubuntu-0ubuntu1.20.04, mixed mode, sharing, tiered, compressed oops, g1 gc, linux-amd64)
Heap:
 garbage-first heap   total 441344K, used 257292K [0x00000000e0000000, 0x0000000100000000)
  region size 1024K, 56 young (57344K), 1 survivors (1024K)
 Metaspace       used 118280K, capacity 122251K, committed 122452K, reserved 360448K
  class space    used 14606K, capacity 16098K, committed 16132K, reserved 253952K
GC Heap History (20 events):
Event: 191,950 GC heap before
{Heap before GC invocations=127 (full 0):
 garbage-first heap   total 441344K, used 357064K [0x00000000e0000000, 0x0000000100000000)
  region size 1024K, 109 young (111616K), 18 survivors (18432K)
 Metaspace       used 105194K, capacity 108669K, committed 108884K, reserved 350208K
  class space    used 13155K, capacity 14533K, committed 14596K, reserved 253952K
}
Event: 192,065 GC heap after
{Heap after GC invocations=128 (full 0):
 garbage-first heap   total 441344K, used 267976K [0x00000000e0000000, 0x0000000100000000)
  region size 1024K, 10 young (10240K), 10 survivors (10240K)
 Metaspace       used 105194K, capacity 108669K, committed 108884K, reserved 350208K
  class space    used 13155K, capacity 14533K, committed 14596K, reserved 253952K
}
Event: 195,286 GC heap before
{Heap before GC invocations=129 (full 0):
 garbage-first heap   total 441344K, used 334536K [0x00000000e0000000, 0x0000000100000000)
  region size 1024K, 97 young (99328K), 10 survivors (10240K)
 Metaspace       used 105502K, capacity 109071K, committed 109396K, reserved 350208K
  class space    used 13200K, capacity 14582K, committed 14596K, reserved 253952K
}
Event: 195,332 GC heap after
{Heap after GC invocations=130 (full 0):
 garbage-first heap   total 441344K, used 242888K [0x00000000e0000000, 0x0000000100000000)
  region size 1024K, 3 young (3072K), 3 survivors (3072K)
 Metaspace       used 105502K, capacity 109071K, committed 109396K, reserved 350208K
  class space    used 13200K, capacity 14582K, committed 14596K, reserved 253952K
}
Event: 196,207 GC heap before
{Heap before GC invocations=130 (full 0):
 garbage-first heap   total 441344K, used 260296K [0x00000000e0000000, 0x0000000100000000)
  region size 1024K, 21 young (21504K), 3 survivors (3072K)
 Metaspace       used 105506K, capacity 109071K, committed 109396K, reserved 350208K
  class space    used 13200K, capacity 14582K, committed 14596K, reserved 253952K
}
Event: 196,265 GC heap after
{Heap after GC invocations=131 (full 0):
 garbage-first heap   total 441344K, used 206160K [0x00000000e0000000, 0x0000000100000000)
  region size 1024K, 1 young (1024K), 1 survivors (1024K)
 Metaspace       used 105506K, capacity 109071K, committed 109396K, reserved 350208K
  class space    used 13200K, capacity 14582K, committed 14596K, reserved 253952K
}
Event: 204,517 GC heap before
{Heap before GC invocations=131 (full 0):
 garbage-first heap   total 441344K, used 334160K [0x00000000e0000000, 0x0000000100000000)
  region size 1024K, 122 young (124928K), 1 survivors (1024K)
 Metaspace       used 106348K, capacity 109974K, committed 110292K, reserved 350208K
  class space    used 13281K, capacity 14672K, committed 14724K, reserved 253952K
}
Event: 204,526 GC heap after
{Heap after GC invocations=132 (full 0):
 garbage-first heap   total 441344K, used 215383K [0x00000000e0000000, 0x0000000100000000)
  region size 1024K, 5 young (5120K), 5 survivors (5120K)
 Metaspace       used 106348K, capacity 109974K, committed 110292K, reserved 350208K
  class space    used 13281K, capacity 14672K, committed 14724K, reserved 253952K
}
Event: 205,374 GC heap before
{Heap before GC invocations=132 (full 0):
 garbage-first heap   total 441344K, used 339287K [0x00000000e0000000, 0x0000000100000000)
  region size 1024K, 126 young (129024K), 5 survivors (5120K)
 Metaspace       used 106394K, capacity 109975K, committed 110292K, reserved 350208K
  class space    used 13281K, capacity 14672K, committed 14724K, reserved 253952K
}
Event: 205,382 GC heap after
{Heap after GC invocations=133 (full 0):
 garbage-first heap   total 441344K, used 215890K [0x00000000e0000000, 0x0000000100000000)
  region size 1024K, 6 young (6144K), 6 survivors (6144K)
 Metaspace       used 106394K, capacity 109975K, committed 110292K, reserved 350208K
  class space    used 13281K, capacity 14672K, committed 14724K, reserved 253952K
}
Event: 218,441 GC heap before
{Heap before GC invocations=133 (full 0):
 garbage-first heap   total 441344K, used 344914K [0x00000000e0000000, 0x0000000100000000)
  region size 1024K, 132 young (135168K), 6 survivors (6144K)
 Metaspace       used 110807K, capacity 114536K, committed 114772K, reserved 354304K
  class space    used 13787K, capacity 15241K, committed 15364K, reserved 253952K
}
Event: 218,448 GC heap after
{Heap after GC invocations=134 (full 0):
 garbage-first heap   total 441344K, used 212515K [0x00000000e0000000, 0x0000000100000000)
  region size 1024K, 4 young (4096K), 4 survivors (4096K)
 Metaspace       used 110807K, capacity 114536K, committed 114772K, reserved 354304K
  class space    used 13787K, capacity 15241K, committed 15364K, reserved 253952K
}
Event: 225,498 GC heap before
{Heap before GC invocations=134 (full 0):
 garbage-first heap   total 441344K, used 360995K [0x00000000e0000000, 0x0000000100000000)
  region size 1024K, 138 young (141312K), 4 survivors (4096K)
 Metaspace       used 118286K, capacity 122264K, committed 122452K, reserved 360448K
  class space    used 14609K, capacity 16103K, committed 16132K, reserved 253952K
}
Event: 225,549 GC heap after
{Heap after GC invocations=135 (full 0):
 garbage-first heap   total 441344K, used 241733K [0x00000000e0000000, 0x0000000100000000)
  region size 1024K, 18 young (18432K), 18 survivors (18432K)
 Metaspace       used 118286K, capacity 122264K, committed 122452K, reserved 360448K
  class space    used 14609K, capacity 16103K, committed 16132K, reserved 253952K
}
Event: 226,520 GC heap before
{Heap before GC invocations=135 (full 0):
 garbage-first heap   total 441344K, used 356421K [0x00000000e0000000, 0x0000000100000000)
  region size 1024K, 130 young (133120K), 18 survivors (18432K)
 Metaspace       used 118288K, capacity 122264K, committed 122452K, reserved 360448K
  class space    used 14609K, capacity 16103K, committed 16132K, reserved 253952K
}
Event: 226,550 GC heap after
{Heap after GC invocations=136 (full 0):
 garbage-first heap   total 441344K, used 243895K [0x00000000e0000000, 0x0000000100000000)
  region size 1024K, 2 young (2048K), 2 survivors (2048K)
 Metaspace       used 118288K, capacity 122264K, committed 122452K, reserved 360448K
  class space    used 14609K, capacity 16103K, committed 16132K, reserved 253952K
}
Event: 227,125 GC heap before
{Heap before GC invocations=136 (full 0):
 garbage-first heap   total 441344K, used 360631K [0x00000000e0000000, 0x0000000100000000)
  region size 1024K, 116 young (118784K), 2 survivors (2048K)
 Metaspace       used 118288K, capacity 122264K, committed 122452K, reserved 360448K
  class space    used 14609K, capacity 16103K, committed 16132K, reserved 253952K
}
Event: 227,132 GC heap after
{Heap after GC invocations=137 (full 0):
 garbage-first heap   total 441344K, used 242185K [0x00000000e0000000, 0x0000000100000000)
  region size 1024K, 1 young (1024K), 1 survivors (1024K)
 Metaspace       used 118288K, capacity 122264K, committed 122452K, reserved 360448K
  class space    used 14609K, capacity 16103K, committed 16132K, reserved 253952K
}
Event: 227,603 GC heap before
{Heap before GC invocations=137 (full 0):
 garbage-first heap   total 441344K, used 363017K [0x00000000e0000000, 0x0000000100000000)
  region size 1024K, 119 young (121856K), 1 survivors (1024K)
 Metaspace       used 118288K, capacity 122264K, committed 122452K, reserved 360448K
  class space    used 14609K, capacity 16103K, committed 16132K, reserved 253952K
}
Event: 227,611 GC heap after
{Heap after GC invocations=138 (full 0):
 garbage-first heap   total 441344K, used 241932K [0x00000000e0000000, 0x0000000100000000)
  region size 1024K, 1 young (1024K), 1 survivors (1024K)
 Metaspace       used 118288K, capacity 122264K, committed 122452K, reserved 360448K
  class space    used 14609K, capacity 16103K, committed 16132K, reserved 253952K
}

